2022-02-01 20:34:41,528 Attempting to connect to the bridge...
2022-02-01 20:34:41,529 Using ip: 130.240.114.9
2022-02-01 20:34:41,529 Using username from config: TbGgil6W7luhv38R2PftqUNM-YpxsyluiZ4JHxc1
2022-02-01 20:34:41,529 Attempting to connect to the bridge...
2022-02-01 20:34:41,529 Using ip: 130.240.114.9
2022-02-01 20:34:41,529 Using username: TbGgil6W7luhv38R2PftqUNM-YpxsyluiZ4JHxc1
2022-02-01 20:34:43,819 widefind_1_icke-dörr
2022-02-01 20:34:43,819 widefind_1_tv-bänk
2022-02-01 20:34:44,200 widefind_1_icke-kitchen
2022-02-01 20:34:54,280 widefind_1_icke-dörr
2022-02-01 20:34:54,281 widefind_1_tv-bänk
2022-02-01 20:34:54,686 widefind_1_icke-kitchen
2022-02-01 20:35:04,799 widefind_1_icke-dörr
2022-02-01 20:35:04,799 widefind_1_tv-bänk
2022-02-01 20:35:05,183 widefind_1_icke-kitchen
2022-02-01 20:35:15,222 widefind_1_icke-dörr
2022-02-01 20:35:15,222 widefind_1_tv-bänk
2022-02-01 20:35:15,612 widefind_1_icke-kitchen
2022-02-01 20:35:25,697 widefind_1_icke-dörr
2022-02-01 20:35:25,698 widefind_1_tv-bänk
2022-02-01 20:35:26,098 widefind_1_icke-kitchen
2022-02-01 20:36:23,790 Attempting to connect to the bridge...
2022-02-01 20:36:23,791 Using ip: 130.240.114.9
2022-02-01 20:36:23,791 Using username from config: TbGgil6W7luhv38R2PftqUNM-YpxsyluiZ4JHxc1
2022-02-01 20:36:23,791 Attempting to connect to the bridge...
2022-02-01 20:36:23,791 Using ip: 130.240.114.9
2022-02-01 20:36:23,791 Using username: TbGgil6W7luhv38R2PftqUNM-YpxsyluiZ4JHxc1
2022-02-01 20:36:28,625 widefind_1_icke-dörr
2022-02-01 20:36:29,005 widefind_1_tv-bänk
2022-02-01 20:36:29,096 widefind_1_icke-kitchen
2022-02-01 20:36:39,016 widefind_1_icke-dörr
2022-02-01 20:36:39,422 widefind_1_tv-bänk
2022-02-01 20:36:39,496 widefind_1_icke-kitchen
